[31m[2024-04-10T02:38:06.593Z] - level: error - ===> ‚ö†Ô∏è Nodemailer error: Error: read ECONNRESET[39m
[31m[2024-04-10T02:39:44.855Z] - level: error - ===> ‚ö†Ô∏è Nodemailer error: Error: read ECONNRESET[39m
[31m[2024-04-10T02:39:48.875Z] - level: error - ===> ‚ö†Ô∏è Nodemailer error: Error: read ECONNRESET[39m
[31m[2024-04-10T02:39:56.506Z] - level: error - TypeError: req.isAuthenticated is not a function[39m
[31m    at file:///C:/Users/User/OneDrive/BACKEND/backend_final/src/app.js:95:11[39m
[31m    at Layer.handle [as handle_request] (C:\Users\User\OneDrive\BACKEND\backend_final\node_modules\express\lib\router\layer.js:95:5)[39m
[31m    at trim_prefix (C:\Users\User\OneDrive\BACKEND\backend_final\node_modules\express\lib\router\index.js:328:13)[39m
[31m    at C:\Users\User\OneDrive\BACKEND\backend_final\node_modules\express\lib\router\index.js:286:9[39m
[31m    at Function.process_params (C:\Users\User\OneDrive\BACKEND\backend_final\node_modules\express\lib\router\index.js:346:12)[39m
[31m    at next (C:\Users\User\OneDrive\BACKEND\backend_final\node_modules\express\lib\router\index.js:280:10)[39m
[31m    at Layer.handle [as handle_request] (C:\Users\User\OneDrive\BACKEND\backend_final\node_modules\express\lib\router\layer.js:91:12)[39m
[31m    at trim_prefix (C:\Users\User\OneDrive\BACKEND\backend_final\node_modules\express\lib\router\index.js:328:13)[39m
[31m    at C:\Users\User\OneDrive\BACKEND\backend_final\node_modules\express\lib\router\index.js:286:9[39m
[31m    at Function.process_params (C:\Users\User\OneDrive\BACKEND\backend_final\node_modules\express\lib\router\index.js:346:12)[39m
[31m[2024-04-10T02:41:44.281Z] - level: error - TypeError: req.isAuthenticated is not a function[39m
[31m    at file:///C:/Users/User/OneDrive/BACKEND/backend_final/src/app.js:95:11[39m
[31m    at Layer.handle [as handle_request] (C:\Users\User\OneDrive\BACKEND\backend_final\node_modules\express\lib\router\layer.js:95:5)[39m
[31m    at trim_prefix (C:\Users\User\OneDrive\BACKEND\backend_final\node_modules\express\lib\router\index.js:328:13)[39m
[31m    at C:\Users\User\OneDrive\BACKEND\backend_final\node_modules\express\lib\router\index.js:286:9[39m
[31m    at Function.process_params (C:\Users\User\OneDrive\BACKEND\backend_final\node_modules\express\lib\router\index.js:346:12)[39m
[31m    at next (C:\Users\User\OneDrive\BACKEND\backend_final\node_modules\express\lib\router\index.js:280:10)[39m
[31m    at Layer.handle [as handle_request] (C:\Users\User\OneDrive\BACKEND\backend_final\node_modules\express\lib\router\layer.js:91:12)[39m
[31m    at trim_prefix (C:\Users\User\OneDrive\BACKEND\backend_final\node_modules\express\lib\router\index.js:328:13)[39m
[31m    at C:\Users\User\OneDrive\BACKEND\backend_final\node_modules\express\lib\router\index.js:286:9[39m
[31m    at Function.process_params (C:\Users\User\OneDrive\BACKEND\backend_final\node_modules\express\lib\router\index.js:346:12)[39m
[31m[2024-04-10T02:41:44.772Z] - level: error - ===> ‚ö†Ô∏è Nodemailer error: Error: read ECONNRESET[39m
[31m[2024-04-10T02:42:37.620Z] - level: error - ===> ‚ö†Ô∏è Nodemailer error: Error: read ECONNRESET[39m
[31m[2024-04-10T02:45:46.379Z] - level: error - ===> ‚ö†Ô∏è Nodemailer error: Error: read ECONNRESET[39m
[31m[2024-04-10T02:45:54.569Z] - level: error - ===> ‚ö†Ô∏è Nodemailer error: Error: read ECONNRESET[39m
[31m[2024-04-10T02:47:39.823Z] - level: error - ===> ‚ö†Ô∏è Nodemailer error: Error: read ECONNRESET[39m
[31m[2024-04-10T02:48:58.865Z] - level: error - ===> ‚ö†Ô∏è Nodemailer error: Error: read ECONNRESET[39m
[31m[2024-04-10T02:49:32.877Z] - level: error - ===> ‚ö†Ô∏è Nodemailer error: Error: read ECONNRESET[39m
[31m[2024-04-10T02:50:47.480Z] - level: error - ===> ‚ö†Ô∏è Nodemailer error: Error: read ECONNRESET[39m
[31m[2024-04-10T02:52:11.702Z] - level: error - ===> ‚ö†Ô∏è Nodemailer error: Error: read ECONNRESET[39m
[31m[2024-04-10T02:53:36.419Z] - level: error - ===> ‚ö†Ô∏è Nodemailer error: Error: read ECONNRESET[39m
[31m[2024-04-10T03:51:30.874Z] - level: error - ===> ‚ö†Ô∏è Nodemailer error: Error: read ECONNRESET[39m
[31m[2024-04-10T03:51:51.935Z] - level: error - ===> ‚ö†Ô∏è Nodemailer error: Error: read ECONNRESET[39m
[31m[2024-04-10T03:54:35.764Z] - level: error - ===> ‚ö†Ô∏è Nodemailer error: Error: read ECONNRESET[39m
[31m[2024-04-10T03:54:59.230Z] - level: error - ===> ‚ö†Ô∏è Nodemailer error: Error: read ECONNRESET[39m
[31m[2024-04-10T03:55:02.211Z] - level: error - ===> ‚ö†Ô∏è Nodemailer error: Error: read ECONNRESET[39m
[31m[2024-04-10T04:06:02.247Z] - level: error - ===> ‚ö†Ô∏è Nodemailer error: Error: read ECONNRESET[39m
[31m[2024-04-10T04:10:02.007Z] - level: error - ===> ‚ö†Ô∏è Nodemailer error: Error: read ECONNRESET[39m
[31m[2024-04-10T04:16:33.038Z] - level: error - ===> ‚ö†Ô∏è Nodemailer error: Error: read ECONNRESET[39m
[31m[2024-04-10T04:18:18.706Z] - level: error - ===> ‚ö†Ô∏è Nodemailer error: Error: read ECONNRESET[39m
[31m[2024-04-10T04:18:42.715Z] - level: error - ===> ‚ö†Ô∏è Nodemailer error: Error: read ECONNRESET[39m
[31m[2024-04-10T04:18:46.200Z] - level: error - ===> ‚ö†Ô∏è Nodemailer error: Error: read ECONNRESET[39m
[31m[2024-04-10T04:22:37.945Z] - level: error - ===> ‚ö†Ô∏è Nodemailer error: Error: read ECONNRESET[39m
[31m[2024-04-10T05:04:54.359Z] - level: error - ===> ‚ö†Ô∏è Nodemailer error: Error: read ECONNRESET[39m
[31m[2024-04-10T05:06:16.621Z] - level: error - ===> ‚ö†Ô∏è Nodemailer error: Error: read ECONNRESET[39m
[31m[2024-04-10T05:09:51.562Z] - level: error - ===> ‚ö†Ô∏è Nodemailer error: Error: read ECONNRESET[39m
[31m[2024-04-10T05:10:29.557Z] - level: error - ===> ‚ö†Ô∏è Nodemailer error: Error: read ECONNRESET[39m
[31m[2024-04-10T05:11:35.887Z] - level: error - ===> ‚ö†Ô∏è Nodemailer error: Error: read ECONNRESET[39m
[31m[2024-04-10T05:11:59.751Z] - level: error - ===> ‚ö†Ô∏è Nodemailer error: Error: read ECONNRESET[39m
[31m[2024-04-10T05:12:27.532Z] - level: error - ===> ‚ö†Ô∏è Nodemailer error: Error: read ECONNRESET[39m
[31m[2024-04-10T05:12:54.864Z] - level: error - ===> ‚ö†Ô∏è Nodemailer error: Error: read ECONNRESET[39m
[31m[2024-04-10T05:15:18.020Z] - level: error - ===> ‚ö†Ô∏è Nodemailer error: Error: read ECONNRESET[39m
[31m[2024-04-10T05:15:37.563Z] - level: error - ===> ‚ö†Ô∏è Nodemailer error: Error: read ECONNRESET[39m
[31m[2024-04-10T05:16:29.521Z] - level: error - ===> ‚ö†Ô∏è Nodemailer error: Error: read ECONNRESET[39m
[31m[2024-04-10T05:22:10.150Z] - level: error - ===> ‚ö†Ô∏è Nodemailer error: Error: read ECONNRESET[39m
[31m[2024-04-10T05:25:28.810Z] - level: error - ===> ‚ö†Ô∏è Nodemailer error: Error: read ECONNRESET[39m
[31m[2024-04-10T05:26:13.760Z] - level: error - ===> ‚ö†Ô∏è Nodemailer error: Error: read ECONNRESET[39m
[31m[2024-04-10T05:26:16.969Z] - level: error - ===> ‚ö†Ô∏è Nodemailer error: Error: read ECONNRESET[39m
[31m[2024-04-10T05:26:51.328Z] - level: error - ===> ‚ö†Ô∏è Nodemailer error: Error: read ECONNRESET[39m
[31m[2024-04-10T05:47:07.560Z] - level: error - ===> ‚ö†Ô∏è Nodemailer error: Error: read ECONNRESET[39m
[31m[2024-04-10T05:48:54.401Z] - level: error - ===> ‚ö†Ô∏è Nodemailer error: Error: read ECONNRESET[39m
[31m[2024-04-10T06:04:06.800Z] - level: error - ===> ‚ö†Ô∏è Nodemailer error: Error: read ECONNRESET[39m
[31m[2024-04-10T06:06:23.824Z] - level: error - ===> ‚ö†Ô∏è Nodemailer error: Error: read ECONNRESET[39m
[31m[2024-04-10T06:06:31.216Z] - level: error - ===> ‚ö†Ô∏è Nodemailer error: Error: read ECONNRESET[39m
[31m[2024-04-10T06:06:46.926Z] - level: error - ===> ‚ö†Ô∏è Nodemailer error: read ECONNRESET[39m
[31m[2024-04-10T06:06:57.302Z] - level: error - ===> ‚ö†Ô∏è Nodemailer error: read ECONNRESET[39m
[31m[2024-04-10T06:07:50.960Z] - level: error - ===> ‚ö†Ô∏è Nodemailer error: Error: read ECONNRESET[39m
[31m[2024-04-10T06:08:05.787Z] - level: error - ===> ‚ö†Ô∏è Nodemailer error: Error: read ECONNRESET[39m
[31m[2024-04-10T06:10:00.212Z] - level: error - ===> ‚ö†Ô∏è Nodemailer error: Error: read ECONNRESET[39m
[31m[2024-04-10T06:10:11.656Z] - level: error - ===> ‚ö†Ô∏è Nodemailer error: Error: read ECONNRESET[39m
[31m[2024-04-10T06:10:31.442Z] - level: error - ===> ‚ö†Ô∏è Nodemailer error: Error: read ECONNRESET[39m
[31m[2024-04-10T06:12:32.008Z] - level: error - ===> ‚ö†Ô∏è Nodemailer error during verification: read ECONNRESET[39m
[31m[2024-04-10T06:17:44.569Z] - level: error - ===> ‚ö†Ô∏è Nodemailer error during verification: self-signed certificate in certificate chain[39m
[31m[2024-04-10T06:23:54.246Z] - level: error - ===> ‚ö†Ô∏è Nodemailer error during verification: self-signed certificate in certificate chain[39m
[31m[2024-04-11T04:55:55.033Z] - level: error - ForbiddenError: invalid csrf token[39m
[31m    at csrf (C:\Users\User\OneDrive\BACKEND\backend_final\node_modules\csurf\index.js:112:19)[39m
[31m    at Layer.handle [as handle_request] (C:\Users\User\OneDrive\BACKEND\backend_final\node_modules\express\lib\router\layer.js:95:5)[39m
[31m    at trim_prefix (C:\Users\User\OneDrive\BACKEND\backend_final\node_modules\express\lib\router\index.js:328:13)[39m
[31m    at C:\Users\User\OneDrive\BACKEND\backend_final\node_modules\express\lib\router\index.js:286:9[39m
[31m    at Function.process_params (C:\Users\User\OneDrive\BACKEND\backend_final\node_modules\express\lib\router\index.js:346:12)[39m
[31m    at next (C:\Users\User\OneDrive\BACKEND\backend_final\node_modules\express\lib\router\index.js:280:10)[39m
[31m    at C:\Users\User\OneDrive\BACKEND\backend_final\node_modules\body-parser\lib\read.js:137:5[39m
[31m    at AsyncResource.runInAsyncScope (node:async_hooks:203:9)[39m
[31m    at invokeCallback (C:\Users\User\OneDrive\BACKEND\backend_final\node_modules\raw-body\index.js:238:16)[39m
[31m    at done (C:\Users\User\OneDrive\BACKEND\backend_final\node_modules\raw-body\index.js:227:7)[39m
[31m[2024-04-11T05:29:10.446Z] - level: error - ===> ‚ö†Ô∏è Nodemailer error during verification: Connection closed unexpectedly[39m
[31m[2024-04-12T02:29:52.631Z] - level: error - ForbiddenError: invalid csrf token[39m
[31m    at csrf (C:\Users\User\OneDrive\BACKEND\backend_final\node_modules\csurf\index.js:112:19)[39m
[31m    at Layer.handle [as handle_request] (C:\Users\User\OneDrive\BACKEND\backend_final\node_modules\express\lib\router\layer.js:95:5)[39m
[31m    at trim_prefix (C:\Users\User\OneDrive\BACKEND\backend_final\node_modules\express\lib\router\index.js:328:13)[39m
[31m    at C:\Users\User\OneDrive\BACKEND\backend_final\node_modules\express\lib\router\index.js:286:9[39m
[31m    at Function.process_params (C:\Users\User\OneDrive\BACKEND\backend_final\node_modules\express\lib\router\index.js:346:12)[39m
[31m    at next (C:\Users\User\OneDrive\BACKEND\backend_final\node_modules\express\lib\router\index.js:280:10)[39m
[31m    at C:\Users\User\OneDrive\BACKEND\backend_final\node_modules\body-parser\lib\read.js:137:5[39m
[31m    at AsyncResource.runInAsyncScope (node:async_hooks:203:9)[39m
[31m    at invokeCallback (C:\Users\User\OneDrive\BACKEND\backend_final\node_modules\raw-body\index.js:238:16)[39m
[31m    at done (C:\Users\User\OneDrive\BACKEND\backend_final\node_modules\raw-body\index.js:227:7)[39m
[31m[2024-04-12T03:01:20.716Z] - level: error - TypeError: (((intermediate value)(intermediate value) && lookupProperty(...)) || alias2).call is not a function[39m
[31m    at Object.eval [as main] (eval at createFunctionContext (C:\Users\User\OneDrive\BACKEND\backend_final\node_modules\handlebars\dist\cjs\handlebars\compiler\javascript-compiler.js:262:23), <anonymous>:27:117)[39m
[31m    at main (C:\Users\User\OneDrive\BACKEND\backend_final\node_modules\handlebars\dist\cjs\handlebars\runtime.js:208:32)[39m
[31m    at ret (C:\Users\User\OneDrive\BACKEND\backend_final\node_modules\handlebars\dist\cjs\handlebars\runtime.js:212:12)[39m
[31m    at ret (C:\Users\User\OneDrive\BACKEND\backend_final\node_modules\handlebars\dist\cjs\handlebars\compiler\compiler.js:519:21)[39m
[31m    at ExpressHandlebars._renderTemplate (C:\Users\User\OneDrive\BACKEND\backend_final\node_modules\express-handlebars\dist\express-handlebars.js:244:16)[39m
[31m    at ExpressHandlebars.<anonymous> (C:\Users\User\OneDrive\BACKEND\backend_final\node_modules\express-handlebars\dist\express-handlebars.js:156:31)[39m
[31m    at Generator.next (<anonymous>)[39m
[31m    at fulfilled (C:\Users\User\OneDrive\BACKEND\backend_final\node_modules\express-handlebars\dist\express-handlebars.js:10:58)[39m
[31m[2024-04-12T03:08:19.330Z] - level: error - TypeError: (((intermediate value)(intermediate value) && lookupProperty(...)) || alias2).call is not a function[39m
[31m    at Object.eval [as main] (eval at createFunctionContext (C:\Users\User\OneDrive\BACKEND\backend_final\node_modules\handlebars\dist\cjs\handlebars\compiler\javascript-compiler.js:262:23), <anonymous>:27:117)[39m
[31m    at main (C:\Users\User\OneDrive\BACKEND\backend_final\node_modules\handlebars\dist\cjs\handlebars\runtime.js:208:32)[39m
[31m    at ret (C:\Users\User\OneDrive\BACKEND\backend_final\node_modules\handlebars\dist\cjs\handlebars\runtime.js:212:12)[39m
[31m    at ret (C:\Users\User\OneDrive\BACKEND\backend_final\node_modules\handlebars\dist\cjs\handlebars\compiler\compiler.js:519:21)[39m
[31m    at ExpressHandlebars._renderTemplate (C:\Users\User\OneDrive\BACKEND\backend_final\node_modules\express-handlebars\dist\express-handlebars.js:244:16)[39m
[31m    at ExpressHandlebars.<anonymous> (C:\Users\User\OneDrive\BACKEND\backend_final\node_modules\express-handlebars\dist\express-handlebars.js:156:31)[39m
[31m    at Generator.next (<anonymous>)[39m
[31m    at fulfilled (C:\Users\User\OneDrive\BACKEND\backend_final\node_modules\express-handlebars\dist\express-handlebars.js:10:58)[39m
[31m[2024-04-12T05:51:40.309Z] - level: error - Error in userService/getActiveUsers: TypeError: userDAO.getActiveUsers is not a function[39m
[31m[2024-04-12T05:51:42.812Z] - level: error - Error in userService/getActiveUsers: TypeError: userDAO.getActiveUsers is not a function[39m
[31m[2024-04-12T05:51:44.917Z] - level: error - Error in userService/getActiveUsers: TypeError: userDAO.getActiveUsers is not a function[39m
[31m[2024-04-12T06:03:00.617Z] - level: error - Error: Missing helper: "activeFilter"[39m
[31m    at Object.<anonymous> (C:\Users\User\OneDrive\BACKEND\backend_final\node_modules\handlebars\dist\cjs\handlebars\helpers\helper-missing.js:19:13)[39m
[31m    at Object.wrapper (C:\Users\User\OneDrive\BACKEND\backend_final\node_modules\handlebars\dist\cjs\handlebars\internal\wrapHelper.js:15:19)[39m
[31m    at Object.eval [as main] (eval at createFunctionContext (C:\Users\User\OneDrive\BACKEND\backend_final\node_modules\handlebars\dist\cjs\handlebars\compiler\javascript-compiler.js:262:23), <anonymous>:15:114)[39m
[31m    at main (C:\Users\User\OneDrive\BACKEND\backend_final\node_modules\handlebars\dist\cjs\handlebars\runtime.js:208:32)[39m
[31m    at ret (C:\Users\User\OneDrive\BACKEND\backend_final\node_modules\handlebars\dist\cjs\handlebars\runtime.js:212:12)[39m
[31m    at ret (C:\Users\User\OneDrive\BACKEND\backend_final\node_modules\handlebars\dist\cjs\handlebars\compiler\compiler.js:519:21)[39m
[31m    at ExpressHandlebars._renderTemplate (C:\Users\User\OneDrive\BACKEND\backend_final\node_modules\express-handlebars\dist\express-handlebars.js:244:16)[39m
[31m    at ExpressHandlebars.<anonymous> (C:\Users\User\OneDrive\BACKEND\backend_final\node_modules\express-handlebars\dist\express-handlebars.js:156:31)[39m
[31m    at Generator.next (<anonymous>)[39m
[31m    at fulfilled (C:\Users\User\OneDrive\BACKEND\backend_final\node_modules\express-handlebars\dist\express-handlebars.js:10:58)[39m
[31m[2024-04-12T06:03:03.759Z] - level: error - Error: Missing helper: "activeFilter"[39m
[31m    at Object.<anonymous> (C:\Users\User\OneDrive\BACKEND\backend_final\node_modules\handlebars\dist\cjs\handlebars\helpers\helper-missing.js:19:13)[39m
[31m    at Object.wrapper (C:\Users\User\OneDrive\BACKEND\backend_final\node_modules\handlebars\dist\cjs\handlebars\internal\wrapHelper.js:15:19)[39m
[31m    at Object.eval [as main] (eval at createFunctionContext (C:\Users\User\OneDrive\BACKEND\backend_final\node_modules\handlebars\dist\cjs\handlebars\compiler\javascript-compiler.js:262:23), <anonymous>:15:114)[39m
[31m    at main (C:\Users\User\OneDrive\BACKEND\backend_final\node_modules\handlebars\dist\cjs\handlebars\runtime.js:208:32)[39m
[31m    at ret (C:\Users\User\OneDrive\BACKEND\backend_final\node_modules\handlebars\dist\cjs\handlebars\runtime.js:212:12)[39m
[31m    at ret (C:\Users\User\OneDrive\BACKEND\backend_final\node_modules\handlebars\dist\cjs\handlebars\compiler\compiler.js:519:21)[39m
[31m    at ExpressHandlebars._renderTemplate (C:\Users\User\OneDrive\BACKEND\backend_final\node_modules\express-handlebars\dist\express-handlebars.js:244:16)[39m
[31m    at ExpressHandlebars.<anonymous> (C:\Users\User\OneDrive\BACKEND\backend_final\node_modules\express-handlebars\dist\express-handlebars.js:156:31)[39m
[31m    at Generator.next (<anonymous>)[39m
[31m    at fulfilled (C:\Users\User\OneDrive\BACKEND\backend_final\node_modules\express-handlebars\dist\express-handlebars.js:10:58)[39m
[31m[2024-04-12T06:03:05.729Z] - level: error - Error: Missing helper: "activeFilter"[39m
[31m    at Object.<anonymous> (C:\Users\User\OneDrive\BACKEND\backend_final\node_modules\handlebars\dist\cjs\handlebars\helpers\helper-missing.js:19:13)[39m
[31m    at Object.wrapper (C:\Users\User\OneDrive\BACKEND\backend_final\node_modules\handlebars\dist\cjs\handlebars\internal\wrapHelper.js:15:19)[39m
[31m    at Object.eval [as main] (eval at createFunctionContext (C:\Users\User\OneDrive\BACKEND\backend_final\node_modules\handlebars\dist\cjs\handlebars\compiler\javascript-compiler.js:262:23), <anonymous>:15:114)[39m
[31m    at main (C:\Users\User\OneDrive\BACKEND\backend_final\node_modules\handlebars\dist\cjs\handlebars\runtime.js:208:32)[39m
[31m    at ret (C:\Users\User\OneDrive\BACKEND\backend_final\node_modules\handlebars\dist\cjs\handlebars\runtime.js:212:12)[39m
[31m    at ret (C:\Users\User\OneDrive\BACKEND\backend_final\node_modules\handlebars\dist\cjs\handlebars\compiler\compiler.js:519:21)[39m
[31m    at ExpressHandlebars._renderTemplate (C:\Users\User\OneDrive\BACKEND\backend_final\node_modules\express-handlebars\dist\express-handlebars.js:244:16)[39m
[31m    at ExpressHandlebars.<anonymous> (C:\Users\User\OneDrive\BACKEND\backend_final\node_modules\express-handlebars\dist\express-handlebars.js:156:31)[39m
[31m    at Generator.next (<anonymous>)[39m
[31m    at fulfilled (C:\Users\User\OneDrive\BACKEND\backend_final\node_modules\express-handlebars\dist\express-handlebars.js:10:58)[39m
[31m[2024-04-12T06:19:41.325Z] - level: error - Error in userService/getUsers: Error: Error in userDAO/getUsers: CastError: Cast to Boolean failed for value "" (type string) at path "state" for model "Users"[39m
[31m[2024-04-12T06:22:00.880Z] - level: error - Error in userService/getUsers: Error: Error in userDAO/getUsers: CastError: Cast to Boolean failed for value "10" (type number) at path "state" for model "Users"[39m
[31m[2024-04-12T06:22:30.378Z] - level: error - Error in userService/getUsers: Error: Error in userDAO/getUsers: CastError: Cast to Boolean failed for value "" (type string) at path "state" for model "Users"[39m
[31m[2024-04-12T06:32:13.456Z] - level: error - Error in userService/getUsers: Error: Error in userDAO/getUsers: CastError: Cast to Boolean failed for value "" (type string) at path "state" for model "Users"[39m
[31m[2024-04-12T06:32:26.400Z] - level: error - Error in userService/getUsers: Error: Error in userDAO/getUsers: CastError: Cast to Boolean failed for value "" (type string) at path "state" for model "Users"[39m
[31m[2024-04-12T06:32:32.733Z] - level: error - Error in userService/getUsers: Error: Error in userDAO/getUsers: CastError: Cast to Boolean failed for value "" (type string) at path "state" for model "Users"[39m
[31m[2024-04-12T06:32:42.284Z] - level: error - Error in userService/getUsers: Error: Error in userDAO/getUsers: CastError: Cast to Boolean failed for value "" (type string) at path "state" for model "Users"[39m
[31m[2024-04-13T03:54:20.037Z] - level: error - Error in userService/getUsers: Error: Error in userDAO/getUsers: CastError: Cast to Boolean failed for value "" (type string) at path "state" for model "Users"[39m
[31m[2024-04-13T03:54:56.787Z] - level: error - Error in userService/getUsers: Error: Error in userDAO/getUsers: CastError: Cast to Boolean failed for value "" (type string) at path "state" for model "Users"[39m
[31m[2024-04-13T21:08:40.975Z] - level: error - ===> ‚ö†Ô∏è Nodemailer error during verification: Connection closed unexpectedly[39m
[31m[2024-04-14T01:47:58.628Z] - level: error - ===> ‚ö†Ô∏è Nodemailer error during verification: getaddrinfo ENOTFOUND sandbox.smtp.mailtrap.io[39m
[31m[2024-04-14T06:03:37.876Z] - level: error - TypeError: req.session.user is not a function[39m
[31m    at file:///C:/Users/User/OneDrive/BACKEND/backend_final/src/app.js:99:33[39m
[31m    at Layer.handle [as handle_request] (C:\Users\User\OneDrive\BACKEND\backend_final\node_modules\express\lib\router\layer.js:95:5)[39m
[31m    at trim_prefix (C:\Users\User\OneDrive\BACKEND\backend_final\node_modules\express\lib\router\index.js:328:13)[39m
[31m    at C:\Users\User\OneDrive\BACKEND\backend_final\node_modules\express\lib\router\index.js:286:9[39m
[31m    at Function.process_params (C:\Users\User\OneDrive\BACKEND\backend_final\node_modules\express\lib\router\index.js:346:12)[39m
[31m    at next (C:\Users\User\OneDrive\BACKEND\backend_final\node_modules\express\lib\router\index.js:280:10)[39m
[31m    at Layer.handle [as handle_request] (C:\Users\User\OneDrive\BACKEND\backend_final\node_modules\express\lib\router\layer.js:91:12)[39m
[31m    at trim_prefix (C:\Users\User\OneDrive\BACKEND\backend_final\node_modules\express\lib\router\index.js:328:13)[39m
[31m    at C:\Users\User\OneDrive\BACKEND\backend_final\node_modules\express\lib\router\index.js:286:9[39m
[31m    at Function.process_params (C:\Users\User\OneDrive\BACKEND\backend_final\node_modules\express\lib\router\index.js:346:12)[39m
[31m[2024-04-14T06:05:23.066Z] - level: error - TypeError: (lookupProperty(...) || (depth0 && lookupProperty(...)) || alias2).call is not a function[39m
[31m    at Object.eval [as main] (eval at createFunctionContext (C:\Users\User\OneDrive\BACKEND\backend_final\node_modules\handlebars\dist\cjs\handlebars\compiler\javascript-compiler.js:262:23), <anonymous>:13:143)[39m
[31m    at main (C:\Users\User\OneDrive\BACKEND\backend_final\node_modules\handlebars\dist\cjs\handlebars\runtime.js:208:32)[39m
[31m    at ret (C:\Users\User\OneDrive\BACKEND\backend_final\node_modules\handlebars\dist\cjs\handlebars\runtime.js:212:12)[39m
[31m    at ret (C:\Users\User\OneDrive\BACKEND\backend_final\node_modules\handlebars\dist\cjs\handlebars\compiler\compiler.js:519:21)[39m
[31m    at ExpressHandlebars._renderTemplate (C:\Users\User\OneDrive\BACKEND\backend_final\node_modules\express-handlebars\dist\express-handlebars.js:244:16)[39m
[31m    at ExpressHandlebars.<anonymous> (C:\Users\User\OneDrive\BACKEND\backend_final\node_modules\express-handlebars\dist\express-handlebars.js:156:31)[39m
[31m    at Generator.next (<anonymous>)[39m
[31m    at fulfilled (C:\Users\User\OneDrive\BACKEND\backend_final\node_modules\express-handlebars\dist\express-handlebars.js:10:58)[39m
[31m[2024-04-14T06:05:25.234Z] - level: error - TypeError: (lookupProperty(...) || (depth0 && lookupProperty(...)) || alias2).call is not a function[39m
[31m    at Object.eval [as main] (eval at createFunctionContext (C:\Users\User\OneDrive\BACKEND\backend_final\node_modules\handlebars\dist\cjs\handlebars\compiler\javascript-compiler.js:262:23), <anonymous>:13:143)[39m
[31m    at main (C:\Users\User\OneDrive\BACKEND\backend_final\node_modules\handlebars\dist\cjs\handlebars\runtime.js:208:32)[39m
[31m    at ret (C:\Users\User\OneDrive\BACKEND\backend_final\node_modules\handlebars\dist\cjs\handlebars\runtime.js:212:12)[39m
[31m    at ret (C:\Users\User\OneDrive\BACKEND\backend_final\node_modules\handlebars\dist\cjs\handlebars\compiler\compiler.js:519:21)[39m
[31m    at ExpressHandlebars._renderTemplate (C:\Users\User\OneDrive\BACKEND\backend_final\node_modules\express-handlebars\dist\express-handlebars.js:244:16)[39m
[31m    at ExpressHandlebars.<anonymous> (C:\Users\User\OneDrive\BACKEND\backend_final\node_modules\express-handlebars\dist\express-handlebars.js:156:31)[39m
[31m    at Generator.next (<anonymous>)[39m
[31m    at fulfilled (C:\Users\User\OneDrive\BACKEND\backend_final\node_modules\express-handlebars\dist\express-handlebars.js:10:58)[39m
[31m[2024-04-14T06:05:30.191Z] - level: error - TypeError: (lookupProperty(...) || (depth0 && lookupProperty(...)) || alias2).call is not a function[39m
[31m    at Object.eval [as main] (eval at createFunctionContext (C:\Users\User\OneDrive\BACKEND\backend_final\node_modules\handlebars\dist\cjs\handlebars\compiler\javascript-compiler.js:262:23), <anonymous>:13:143)[39m
[31m    at main (C:\Users\User\OneDrive\BACKEND\backend_final\node_modules\handlebars\dist\cjs\handlebars\runtime.js:208:32)[39m
[31m    at ret (C:\Users\User\OneDrive\BACKEND\backend_final\node_modules\handlebars\dist\cjs\handlebars\runtime.js:212:12)[39m
[31m    at ret (C:\Users\User\OneDrive\BACKEND\backend_final\node_modules\handlebars\dist\cjs\handlebars\compiler\compiler.js:519:21)[39m
[31m    at ExpressHandlebars._renderTemplate (C:\Users\User\OneDrive\BACKEND\backend_final\node_modules\express-handlebars\dist\express-handlebars.js:244:16)[39m
[31m    at ExpressHandlebars.<anonymous> (C:\Users\User\OneDrive\BACKEND\backend_final\node_modules\express-handlebars\dist\express-handlebars.js:156:31)[39m
[31m    at Generator.next (<anonymous>)[39m
[31m    at fulfilled (C:\Users\User\OneDrive\BACKEND\backend_final\node_modules\express-handlebars\dist\express-handlebars.js:10:58)[39m
[31m[2024-04-14T06:06:30.843Z] - level: error - TypeError: (lookupProperty(...) || (depth0 && lookupProperty(...)) || alias2).call is not a function[39m
[31m    at Object.eval [as main] (eval at createFunctionContext (C:\Users\User\OneDrive\BACKEND\backend_final\node_modules\handlebars\dist\cjs\handlebars\compiler\javascript-compiler.js:262:23), <anonymous>:13:143)[39m
[31m    at main (C:\Users\User\OneDrive\BACKEND\backend_final\node_modules\handlebars\dist\cjs\handlebars\runtime.js:208:32)[39m
[31m    at ret (C:\Users\User\OneDrive\BACKEND\backend_final\node_modules\handlebars\dist\cjs\handlebars\runtime.js:212:12)[39m
[31m    at ret (C:\Users\User\OneDrive\BACKEND\backend_final\node_modules\handlebars\dist\cjs\handlebars\compiler\compiler.js:519:21)[39m
[31m    at ExpressHandlebars._renderTemplate (C:\Users\User\OneDrive\BACKEND\backend_final\node_modules\express-handlebars\dist\express-handlebars.js:244:16)[39m
[31m    at ExpressHandlebars.<anonymous> (C:\Users\User\OneDrive\BACKEND\backend_final\node_modules\express-handlebars\dist\express-handlebars.js:156:31)[39m
[31m    at Generator.next (<anonymous>)[39m
[31m    at fulfilled (C:\Users\User\OneDrive\BACKEND\backend_final\node_modules\express-handlebars\dist\express-handlebars.js:10:58)[39m
[31m[2024-04-14T06:24:36.280Z] - level: error - Error: req#logout requires a callback function[39m
[31m    at req.logout.req.logOut (C:\Users\User\OneDrive\BACKEND\backend_final\node_modules\passport\lib\http\request.js:65:44)[39m
[31m    at logoutUser (file:///C:/Users/User/OneDrive/BACKEND/backend_final/src/controllers/userController.js:219:7)[39m
[31m    at Layer.handle [as handle_request] (C:\Users\User\OneDrive\BACKEND\backend_final\node_modules\express\lib\router\layer.js:95:5)[39m
[31m    at next (C:\Users\User\OneDrive\BACKEND\backend_final\node_modules\express\lib\router\route.js:149:13)[39m
[31m    at Route.dispatch (C:\Users\User\OneDrive\BACKEND\backend_final\node_modules\express\lib\router\route.js:119:3)[39m
[31m    at Layer.handle [as handle_request] (C:\Users\User\OneDrive\BACKEND\backend_final\node_modules\express\lib\router\layer.js:95:5)[39m
[31m    at C:\Users\User\OneDrive\BACKEND\backend_final\node_modules\express\lib\router\index.js:284:15[39m
[31m    at Function.process_params (C:\Users\User\OneDrive\BACKEND\backend_final\node_modules\express\lib\router\index.js:346:12)[39m
[31m    at next (C:\Users\User\OneDrive\BACKEND\backend_final\node_modules\express\lib\router\index.js:280:10)[39m
[31m    at Function.handle (C:\Users\User\OneDrive\BACKEND\backend_final\node_modules\express\lib\router\index.js:175:3)[39m
[31m[2024-04-14T06:28:18.956Z] - level: error - Error: Unable to find the session to touch[39m
[31m    at C:\Users\User\OneDrive\BACKEND\backend_final\node_modules\connect-mongo\build\main\lib\MongoStore.js:329:37[39m
[31m    at process.processTicksAndRejections (node:internal/process/task_queues:95:5)[39m
[31m[2024-04-14T07:27:20.935Z] - level: error - ReferenceError: userSession is not defined[39m
[31m    at file:///C:/Users/User/OneDrive/BACKEND/backend_final/src/middlewares/auth.js:18:5[39m
[31m    at Layer.handle [as handle_request] (C:\Users\User\OneDrive\BACKEND\backend_final\node_modules\express\lib\router\layer.js:95:5)[39m
[31m    at next (C:\Users\User\OneDrive\BACKEND\backend_final\node_modules\express\lib\router\route.js:149:13)[39m
[31m    at isAuthenticated (file:///C:/Users/User/OneDrive/BACKEND/backend_final/src/middlewares/auth.js:4:12)[39m
[31m    at Layer.handle [as handle_request] (C:\Users\User\OneDrive\BACKEND\backend_final\node_modules\express\lib\router\layer.js:95:5)[39m
[31m    at next (C:\Users\User\OneDrive\BACKEND\backend_final\node_modules\express\lib\router\route.js:149:13)[39m
[31m    at Route.dispatch (C:\Users\User\OneDrive\BACKEND\backend_final\node_modules\express\lib\router\route.js:119:3)[39m
[31m    at Layer.handle [as handle_request] (C:\Users\User\OneDrive\BACKEND\backend_final\node_modules\express\lib\router\layer.js:95:5)[39m
[31m    at C:\Users\User\OneDrive\BACKEND\backend_final\node_modules\express\lib\router\index.js:284:15[39m
[31m    at Function.process_params (C:\Users\User\OneDrive\BACKEND\backend_final\node_modules\express\lib\router\index.js:346:12)[39m
[31m[2024-04-14T07:28:17.822Z] - level: error - TypeError: Cannot read properties of undefined (reading 'role')[39m
[31m    at file:///C:/Users/User/OneDrive/BACKEND/backend_final/src/middlewares/auth.js:18:25[39m
[31m    at Layer.handle [as handle_request] (C:\Users\User\OneDrive\BACKEND\backend_final\node_modules\express\lib\router\layer.js:95:5)[39m
[31m    at next (C:\Users\User\OneDrive\BACKEND\backend_final\node_modules\express\lib\router\route.js:149:13)[39m
[31m    at isAuthenticated (file:///C:/Users/User/OneDrive/BACKEND/backend_final/src/middlewares/auth.js:4:12)[39m
[31m    at Layer.handle [as handle_request] (C:\Users\User\OneDrive\BACKEND\backend_final\node_modules\express\lib\router\layer.js:95:5)[39m
[31m    at next (C:\Users\User\OneDrive\BACKEND\backend_final\node_modules\express\lib\router\route.js:149:13)[39m
[31m    at Route.dispatch (C:\Users\User\OneDrive\BACKEND\backend_final\node_modules\express\lib\router\route.js:119:3)[39m
[31m    at Layer.handle [as handle_request] (C:\Users\User\OneDrive\BACKEND\backend_final\node_modules\express\lib\router\layer.js:95:5)[39m
[31m    at C:\Users\User\OneDrive\BACKEND\backend_final\node_modules\express\lib\router\index.js:284:15[39m
[31m    at Function.process_params (C:\Users\User\OneDrive\BACKEND\backend_final\node_modules\express\lib\router\index.js:346:12)[39m
[31m[2024-04-14T07:30:09.592Z] - level: error - ReferenceError: user is not defined[39m
[31m    at loggedAdmin (file:///C:/Users/User/OneDrive/BACKEND/backend_final/src/middlewares/auth.js:44:31)[39m
[31m    at Layer.handle [as handle_request] (C:\Users\User\OneDrive\BACKEND\backend_final\node_modules\express\lib\router\layer.js:95:5)[39m
[31m    at next (C:\Users\User\OneDrive\BACKEND\backend_final\node_modules\express\lib\router\route.js:149:13)[39m
[31m    at Route.dispatch (C:\Users\User\OneDrive\BACKEND\backend_final\node_modules\express\lib\router\route.js:119:3)[39m
[31m    at Layer.handle [as handle_request] (C:\Users\User\OneDrive\BACKEND\backend_final\node_modules\express\lib\router\layer.js:95:5)[39m
[31m    at C:\Users\User\OneDrive\BACKEND\backend_final\node_modules\express\lib\router\index.js:284:15[39m
[31m    at Function.process_params (C:\Users\User\OneDrive\BACKEND\backend_final\node_modules\express\lib\router\index.js:346:12)[39m
[31m    at next (C:\Users\User\OneDrive\BACKEND\backend_final\node_modules\express\lib\router\index.js:280:10)[39m
[31m    at Function.handle (C:\Users\User\OneDrive\BACKEND\backend_final\node_modules\express\lib\router\index.js:175:3)[39m
[31m    at router (C:\Users\User\OneDrive\BACKEND\backend_final\node_modules\express\lib\router\index.js:47:12)[39m
[31m[2024-04-14T16:33:14.685Z] - level: error - TypeError: Cannot read properties of undefined (reading 'includes')[39m
[31m    at file:///C:/Users/User/OneDrive/BACKEND/backend_final/src/middlewares/auth.js:3:36[39m
[31m    at Layer.handle [as handle_request] (C:\Users\User\OneDrive\BACKEND\backend_final\node_modules\express\lib\router\layer.js:95:5)[39m
[31m    at next (C:\Users\User\OneDrive\BACKEND\backend_final\node_modules\express\lib\router\route.js:149:13)[39m
[31m    at Route.dispatch (C:\Users\User\OneDrive\BACKEND\backend_final\node_modules\express\lib\router\route.js:119:3)[39m
[31m    at Layer.handle [as handle_request] (C:\Users\User\OneDrive\BACKEND\backend_final\node_modules\express\lib\router\layer.js:95:5)[39m
[31m    at C:\Users\User\OneDrive\BACKEND\backend_final\node_modules\express\lib\router\index.js:284:15[39m
[31m    at Function.process_params (C:\Users\User\OneDrive\BACKEND\backend_final\node_modules\express\lib\router\index.js:346:12)[39m
[31m    at next (C:\Users\User\OneDrive\BACKEND\backend_final\node_modules\express\lib\router\index.js:280:10)[39m
[31m    at Function.handle (C:\Users\User\OneDrive\BACKEND\backend_final\node_modules\express\lib\router\index.js:175:3)[39m
[31m    at router (C:\Users\User\OneDrive\BACKEND\backend_final\node_modules\express\lib\router\index.js:47:12)[39m
[31m[2024-04-14T16:33:33.337Z] - level: error - ===> ‚ö†Ô∏è Nodemailer error during verification: Connection closed unexpectedly[39m
[31m[2024-04-14T16:47:24.794Z] - level: error - ===> ‚ö†Ô∏è Nodemailer error during verification: Connection closed unexpectedly[39m
[31m[2024-04-14T17:23:21.400Z] - level: error - Error: Parse error on line 216:[39m
[31m...        {{user.role.'role'}}[39m
[31m          [39m
[31m-----------------------^[39m
[31mExpecting 'ID', got 'STRING'[39m
[31m    at Parser.parseError (C:\Users\User\OneDrive\BACKEND\backend_final\node_modules\handlebars\dist\cjs\handlebars\compiler\parser.js:267:19)[39m
[31m    at Parser.parse (C:\Users\User\OneDrive\BACKEND\backend_final\node_modules\handlebars\dist\cjs\handlebars\compiler\parser.js:336:30)[39m
[31m    at parseWithoutProcessing (C:\Users\User\OneDrive\BACKEND\backend_final\node_modules\handlebars\dist\cjs\handlebars\compiler\base.js:46:33)[39m
[31m    at HandlebarsEnvironment.parse (C:\Users\User\OneDrive\BACKEND\backend_final\node_modules\handlebars\dist\cjs\handlebars\compiler\base.js:52:13)[39m
[31m    at compileInput (C:\Users\User\OneDrive\BACKEND\backend_final\node_modules\handlebars\dist\cjs\handlebars\compiler\compiler.js:508:19)[39m
[31m    at ret (C:\Users\User\OneDrive\BACKEND\backend_final\node_modules\handlebars\dist\cjs\handlebars\compiler\compiler.js:517:18)[39m
[31m    at ExpressHandlebars._renderTemplate (C:\Users\User\OneDrive\BACKEND\backend_final\node_modules\express-handlebars\dist\express-handlebars.js:244:16)[39m
[31m    at ExpressHandlebars.<anonymous> (C:\Users\User\OneDrive\BACKEND\backend_final\node_modules\express-handlebars\dist\express-handlebars.js:156:31)[39m
[31m    at Generator.next (<anonymous>)[39m
[31m    at fulfilled (C:\Users\User\OneDrive\BACKEND\backend_final\node_modules\express-handlebars\dist\express-handlebars.js:10:58)[39m
[31m[2024-04-14T17:43:01.980Z] - level: error - ReferenceError: findUserByEmail is not defined[39m
[31m    at file:///C:/Users/User/OneDrive/BACKEND/backend_final/src/app.js:101:20[39m
[31m    at Layer.handle [as handle_request] (C:\Users\User\OneDrive\BACKEND\backend_final\node_modules\express\lib\router\layer.js:95:5)[39m
[31m    at trim_prefix (C:\Users\User\OneDrive\BACKEND\backend_final\node_modules\express\lib\router\index.js:328:13)[39m
[31m    at C:\Users\User\OneDrive\BACKEND\backend_final\node_modules\express\lib\router\index.js:286:9[39m
[31m    at Function.process_params (C:\Users\User\OneDrive\BACKEND\backend_final\node_modules\express\lib\router\index.js:346:12)[39m
[31m    at next (C:\Users\User\OneDrive\BACKEND\backend_final\node_modules\express\lib\router\index.js:280:10)[39m
[31m    at Layer.handle [as handle_request] (C:\Users\User\OneDrive\BACKEND\backend_final\node_modules\express\lib\router\layer.js:91:12)[39m
[31m    at trim_prefix (C:\Users\User\OneDrive\BACKEND\backend_final\node_modules\express\lib\router\index.js:328:13)[39m
[31m    at C:\Users\User\OneDrive\BACKEND\backend_final\node_modules\express\lib\router\index.js:286:9[39m
[31m    at Function.process_params (C:\Users\User\OneDrive\BACKEND\backend_final\node_modules\express\lib\router\index.js:346:12)[39m
[31m[2024-04-14T17:43:12.306Z] - level: error - ReferenceError: findUserByEmail is not defined[39m
[31m    at file:///C:/Users/User/OneDrive/BACKEND/backend_final/src/app.js:101:20[39m
[31m    at Layer.handle [as handle_request] (C:\Users\User\OneDrive\BACKEND\backend_final\node_modules\express\lib\router\layer.js:95:5)[39m
[31m    at trim_prefix (C:\Users\User\OneDrive\BACKEND\backend_final\node_modules\express\lib\router\index.js:328:13)[39m
[31m    at C:\Users\User\OneDrive\BACKEND\backend_final\node_modules\express\lib\router\index.js:286:9[39m
[31m    at Function.process_params (C:\Users\User\OneDrive\BACKEND\backend_final\node_modules\express\lib\router\index.js:346:12)[39m
[31m    at next (C:\Users\User\OneDrive\BACKEND\backend_final\node_modules\express\lib\router\index.js:280:10)[39m
[31m    at Layer.handle [as handle_request] (C:\Users\User\OneDrive\BACKEND\backend_final\node_modules\express\lib\router\layer.js:91:12)[39m
[31m    at trim_prefix (C:\Users\User\OneDrive\BACKEND\backend_final\node_modules\express\lib\router\index.js:328:13)[39m
[31m    at C:\Users\User\OneDrive\BACKEND\backend_final\node_modules\express\lib\router\index.js:286:9[39m
[31m    at Function.process_params (C:\Users\User\OneDrive\BACKEND\backend_final\node_modules\express\lib\router\index.js:346:12)[39m
[31m[2024-04-14T17:43:15.625Z] - level: error - ReferenceError: findUserByEmail is not defined[39m
[31m    at file:///C:/Users/User/OneDrive/BACKEND/backend_final/src/app.js:101:20[39m
[31m    at Layer.handle [as handle_request] (C:\Users\User\OneDrive\BACKEND\backend_final\node_modules\express\lib\router\layer.js:95:5)[39m
[31m    at trim_prefix (C:\Users\User\OneDrive\BACKEND\backend_final\node_modules\express\lib\router\index.js:328:13)[39m
[31m    at C:\Users\User\OneDrive\BACKEND\backend_final\node_modules\express\lib\router\index.js:286:9[39m
[31m    at Function.process_params (C:\Users\User\OneDrive\BACKEND\backend_final\node_modules\express\lib\router\index.js:346:12)[39m
[31m    at next (C:\Users\User\OneDrive\BACKEND\backend_final\node_modules\express\lib\router\index.js:280:10)[39m
[31m    at Layer.handle [as handle_request] (C:\Users\User\OneDrive\BACKEND\backend_final\node_modules\express\lib\router\layer.js:91:12)[39m
[31m    at trim_prefix (C:\Users\User\OneDrive\BACKEND\backend_final\node_modules\express\lib\router\index.js:328:13)[39m
[31m    at C:\Users\User\OneDrive\BACKEND\backend_final\node_modules\express\lib\router\index.js:286:9[39m
[31m    at Function.process_params (C:\Users\User\OneDrive\BACKEND\backend_final\node_modules\express\lib\router\index.js:346:12)[39m
[31m[2024-04-14T20:11:52.554Z] - level: error - Error in userService/updateUserAndPassword: Error: Illegal arguments: undefined, string[39m
[31m[2024-04-15T04:13:34.230Z] - level: error - ===> ‚ö†Ô∏è Nodemailer error during verification: getaddrinfo ENOTFOUND sandbox.smtp.mailtrap.io[39m
[31m[2024-04-16T01:34:17.365Z] - level: error - Error in cartService/getAllCarts: Error in cartDAO/getAllCarts: Cannot populate path `users` because it is not in your schema. Set the `strictPopulate` option to false to override.[39m
[31m[2024-04-17T04:18:33.472Z] - level: error - error is not defined[39m
[31m[2024-04-17T04:20:25.495Z] - level: error - error is not defined[39m
[31m[2024-04-17T04:22:52.620Z] - level: error - Error desconocido: El carrito no pudo ser eliminado[39m
[31m[2024-04-17T04:28:58.502Z] - level: error - El carrito no pudo ser eliminado[39m
[31m[2024-04-17T04:32:55.178Z] - level: error - El carrito no pudo ser eliminado[39m
[31m[2024-04-17T04:35:41.341Z] - level: error - Error in cartService/deleteCart: Error in cartDAO/deleteCart: Cast to ObjectId failed for value "{ _id: undefined }" (type Object) at path "_id" for model "Carts"[39m
[31m[2024-04-17T06:16:53.917Z] - level: error - Error: Failed to lookup view "frontend" in views directory "./public/views"[39m
[31m    at Function.render (C:\Users\User\OneDrive\BACKEND\backend_final\node_modules\express\lib\application.js:597:17)[39m
[31m    at ServerResponse.render (C:\Users\User\OneDrive\BACKEND\backend_final\node_modules\express\lib\response.js:1048:7)[39m
[31m    at showUserCart (file:///C:/Users/User/OneDrive/BACKEND/backend_final/src/controllers/cartController.js:97:9)[39m
[31m    at process.processTicksAndRejections (node:internal/process/task_queues:95:5)[39m
[31m[2024-04-18T04:34:11.295Z] - level: error - Error: Failed to lookup view "frontend" in views directory "./public/views"[39m
[31m    at Function.render (C:\Users\User\OneDrive\BACKEND\backend_final\node_modules\express\lib\application.js:597:17)[39m
[31m    at ServerResponse.render (C:\Users\User\OneDrive\BACKEND\backend_final\node_modules\express\lib\response.js:1048:7)[39m
[31m    at showUserCart (file:///C:/Users/User/OneDrive/BACKEND/backend_final/src/controllers/cartController.js:100:9)[39m
[31m    at process.processTicksAndRejections (node:internal/process/task_queues:95:5)[39m
[31m[2024-04-18T04:40:25.561Z] - level: error - Error: Failed to lookup view "frontend" in views directory "./public/views"[39m
[31m    at Function.render (C:\Users\User\OneDrive\BACKEND\backend_final\node_modules\express\lib\application.js:597:17)[39m
[31m    at ServerResponse.render (C:\Users\User\OneDrive\BACKEND\backend_final\node_modules\express\lib\response.js:1048:7)[39m
[31m    at showUserCart (file:///C:/Users/User/OneDrive/BACKEND/backend_final/src/controllers/cartController.js:99:11)[39m
[31m    at process.processTicksAndRejections (node:internal/process/task_queues:95:5)[39m
[31m[2024-04-19T02:18:34.046Z] - level: error - Error: #if requires exactly one argument[39m
[31m    at Object.<anonymous> (C:\Users\User\OneDrive\BACKEND\backend_final\node_modules\handlebars\dist\cjs\handlebars\helpers\if.js:17:13)[39m
[31m    at Object.wrapper (C:\Users\User\OneDrive\BACKEND\backend_final\node_modules\handlebars\dist\cjs\handlebars\internal\wrapHelper.js:15:19)[39m
[31m    at eval (eval at createFunctionContext (C:\Users\User\OneDrive\BACKEND\backend_final\node_modules\handlebars\dist\cjs\handlebars\compiler\javascript-compiler.js:262:23), <anonymous>:29:47)[39m
[31m    at prog (C:\Users\User\OneDrive\BACKEND\backend_final\node_modules\handlebars\dist\cjs\handlebars\runtime.js:268:12)[39m
[31m    at execIteration (C:\Users\User\OneDrive\BACKEND\backend_final\node_modules\handlebars\dist\cjs\handlebars\helpers\each.js:51:19)[39m
[31m    at Object.<anonymous> (C:\Users\User\OneDrive\BACKEND\backend_final\node_modules\handlebars\dist\cjs\handlebars\helpers\each.js:61:13)[39m
[31m    at Object.wrapper (C:\Users\User\OneDrive\BACKEND\backend_final\node_modules\handlebars\dist\cjs\handlebars\internal\wrapHelper.js:15:19)[39m
[31m    at Object.eval [as main] (eval at createFunctionContext (C:\Users\User\OneDrive\BACKEND\backend_final\node_modules\handlebars\dist\cjs\handlebars\compiler\javascript-compiler.js:262:23), <anonymous>:23:49)[39m
[31m    at main (C:\Users\User\OneDrive\BACKEND\backend_final\node_modules\handlebars\dist\cjs\handlebars\runtime.js:208:32)[39m
[31m    at ret (C:\Users\User\OneDrive\BACKEND\backend_final\node_modules\handlebars\dist\cjs\handlebars\runtime.js:212:12)[39m
[31m[2024-04-19T02:21:39.003Z] - level: error - Error: #if requires exactly one argument[39m
[31m    at Object.<anonymous> (C:\Users\User\OneDrive\BACKEND\backend_final\node_modules\handlebars\dist\cjs\handlebars\helpers\if.js:17:13)[39m
[31m    at Object.wrapper (C:\Users\User\OneDrive\BACKEND\backend_final\node_modules\handlebars\dist\cjs\handlebars\internal\wrapHelper.js:15:19)[39m
[31m    at eval (eval at createFunctionContext (C:\Users\User\OneDrive\BACKEND\backend_final\node_modules\handlebars\dist\cjs\handlebars\compiler\javascript-compiler.js:262:23), <anonymous>:29:47)[39m
[31m    at prog (C:\Users\User\OneDrive\BACKEND\backend_final\node_modules\handlebars\dist\cjs\handlebars\runtime.js:268:12)[39m
[31m    at execIteration (C:\Users\User\OneDrive\BACKEND\backend_final\node_modules\handlebars\dist\cjs\handlebars\helpers\each.js:51:19)[39m
[31m    at Object.<anonymous> (C:\Users\User\OneDrive\BACKEND\backend_final\node_modules\handlebars\dist\cjs\handlebars\helpers\each.js:61:13)[39m
[31m    at Object.wrapper (C:\Users\User\OneDrive\BACKEND\backend_final\node_modules\handlebars\dist\cjs\handlebars\internal\wrapHelper.js:15:19)[39m
[31m    at Object.eval [as main] (eval at createFunctionContext (C:\Users\User\OneDrive\BACKEND\backend_final\node_modules\handlebars\dist\cjs\handlebars\compiler\javascript-compiler.js:262:23), <anonymous>:23:49)[39m
[31m    at main (C:\Users\User\OneDrive\BACKEND\backend_final\node_modules\handlebars\dist\cjs\handlebars\runtime.js:208:32)[39m
[31m    at ret (C:\Users\User\OneDrive\BACKEND\backend_final\node_modules\handlebars\dist\cjs\handlebars\runtime.js:212:12)[39m
[31m[2024-04-19T02:23:51.590Z] - level: error - Error: #if requires exactly one argument[39m
[31m    at Object.<anonymous> (C:\Users\User\OneDrive\BACKEND\backend_final\node_modules\handlebars\dist\cjs\handlebars\helpers\if.js:17:13)[39m
[31m    at Object.wrapper (C:\Users\User\OneDrive\BACKEND\backend_final\node_modules\handlebars\dist\cjs\handlebars\internal\wrapHelper.js:15:19)[39m
[31m    at eval (eval at createFunctionContext (C:\Users\User\OneDrive\BACKEND\backend_final\node_modules\handlebars\dist\cjs\handlebars\compiler\javascript-compiler.js:262:23), <anonymous>:29:47)[39m
[31m    at prog (C:\Users\User\OneDrive\BACKEND\backend_final\node_modules\handlebars\dist\cjs\handlebars\runtime.js:268:12)[39m
[31m    at execIteration (C:\Users\User\OneDrive\BACKEND\backend_final\node_modules\handlebars\dist\cjs\handlebars\helpers\each.js:51:19)[39m
[31m    at Object.<anonymous> (C:\Users\User\OneDrive\BACKEND\backend_final\node_modules\handlebars\dist\cjs\handlebars\helpers\each.js:61:13)[39m
[31m    at Object.wrapper (C:\Users\User\OneDrive\BACKEND\backend_final\node_modules\handlebars\dist\cjs\handlebars\internal\wrapHelper.js:15:19)[39m
[31m    at Object.eval [as main] (eval at createFunctionContext (C:\Users\User\OneDrive\BACKEND\backend_final\node_modules\handlebars\dist\cjs\handlebars\compiler\javascript-compiler.js:262:23), <anonymous>:23:49)[39m
[31m    at main (C:\Users\User\OneDrive\BACKEND\backend_final\node_modules\handlebars\dist\cjs\handlebars\runtime.js:208:32)[39m
[31m    at ret (C:\Users\User\OneDrive\BACKEND\backend_final\node_modules\handlebars\dist\cjs\handlebars\runtime.js:212:12)[39m
[31m[2024-04-20T04:53:38.731Z] - level: error - ForbiddenError: invalid csrf token[39m
[31m    at csrf (C:\Users\User\OneDrive\BACKEND\backend_final\node_modules\csurf\index.js:112:19)[39m
[31m    at Layer.handle [as handle_request] (C:\Users\User\OneDrive\BACKEND\backend_final\node_modules\express\lib\router\layer.js:95:5)[39m
[31m    at trim_prefix (C:\Users\User\OneDrive\BACKEND\backend_final\node_modules\express\lib\router\index.js:328:13)[39m
[31m    at C:\Users\User\OneDrive\BACKEND\backend_final\node_modules\express\lib\router\index.js:286:9[39m
[31m    at Function.process_params (C:\Users\User\OneDrive\BACKEND\backend_final\node_modules\express\lib\router\index.js:346:12)[39m
[31m    at next (C:\Users\User\OneDrive\BACKEND\backend_final\node_modules\express\lib\router\index.js:280:10)[39m
[31m    at C:\Users\User\OneDrive\BACKEND\backend_final\node_modules\body-parser\lib\read.js:137:5[39m
[31m    at AsyncResource.runInAsyncScope (node:async_hooks:203:9)[39m
[31m    at invokeCallback (C:\Users\User\OneDrive\BACKEND\backend_final\node_modules\raw-body\index.js:238:16)[39m
[31m    at done (C:\Users\User\OneDrive\BACKEND\backend_final\node_modules\raw-body\index.js:227:7)[39m
[31m[2024-04-20T04:55:25.857Z] - level: error - ForbiddenError: invalid csrf token[39m
[31m    at csrf (C:\Users\User\OneDrive\BACKEND\backend_final\node_modules\csurf\index.js:112:19)[39m
[31m    at Layer.handle [as handle_request] (C:\Users\User\OneDrive\BACKEND\backend_final\node_modules\express\lib\router\layer.js:95:5)[39m
[31m    at trim_prefix (C:\Users\User\OneDrive\BACKEND\backend_final\node_modules\express\lib\router\index.js:328:13)[39m
[31m    at C:\Users\User\OneDrive\BACKEND\backend_final\node_modules\express\lib\router\index.js:286:9[39m
[31m    at Function.process_params (C:\Users\User\OneDrive\BACKEND\backend_final\node_modules\express\lib\router\index.js:346:12)[39m
[31m    at next (C:\Users\User\OneDrive\BACKEND\backend_final\node_modules\express\lib\router\index.js:280:10)[39m
[31m    at C:\Users\User\OneDrive\BACKEND\backend_final\node_modules\body-parser\lib\read.js:137:5[39m
[31m    at AsyncResource.runInAsyncScope (node:async_hooks:203:9)[39m
[31m    at invokeCallback (C:\Users\User\OneDrive\BACKEND\backend_final\node_modules\raw-body\index.js:238:16)[39m
[31m    at done (C:\Users\User\OneDrive\BACKEND\backend_final\node_modules\raw-body\index.js:227:7)[39m
[31m[2024-04-20T04:57:01.219Z] - level: error - ForbiddenError: invalid csrf token[39m
[31m    at csrf (C:\Users\User\OneDrive\BACKEND\backend_final\node_modules\csurf\index.js:112:19)[39m
[31m    at Layer.handle [as handle_request] (C:\Users\User\OneDrive\BACKEND\backend_final\node_modules\express\lib\router\layer.js:95:5)[39m
[31m    at trim_prefix (C:\Users\User\OneDrive\BACKEND\backend_final\node_modules\express\lib\router\index.js:328:13)[39m
[31m    at C:\Users\User\OneDrive\BACKEND\backend_final\node_modules\express\lib\router\index.js:286:9[39m
[31m    at Function.process_params (C:\Users\User\OneDrive\BACKEND\backend_final\node_modules\express\lib\router\index.js:346:12)[39m
[31m    at next (C:\Users\User\OneDrive\BACKEND\backend_final\node_modules\express\lib\router\index.js:280:10)[39m
[31m    at C:\Users\User\OneDrive\BACKEND\backend_final\node_modules\body-parser\lib\read.js:137:5[39m
[31m    at AsyncResource.runInAsyncScope (node:async_hooks:203:9)[39m
[31m    at invokeCallback (C:\Users\User\OneDrive\BACKEND\backend_final\node_modules\raw-body\index.js:238:16)[39m
[31m    at done (C:\Users\User\OneDrive\BACKEND\backend_final\node_modules\raw-body\index.js:227:7)[39m
[31m[2024-04-20T05:08:39.777Z] - level: error - ForbiddenError: invalid csrf token[39m
[31m    at csrf (C:\Users\User\OneDrive\BACKEND\backend_final\node_modules\csurf\index.js:112:19)[39m
[31m    at Layer.handle [as handle_request] (C:\Users\User\OneDrive\BACKEND\backend_final\node_modules\express\lib\router\layer.js:95:5)[39m
[31m    at trim_prefix (C:\Users\User\OneDrive\BACKEND\backend_final\node_modules\express\lib\router\index.js:328:13)[39m
[31m    at C:\Users\User\OneDrive\BACKEND\backend_final\node_modules\express\lib\router\index.js:286:9[39m
[31m    at Function.process_params (C:\Users\User\OneDrive\BACKEND\backend_final\node_modules\express\lib\router\index.js:346:12)[39m
[31m    at next (C:\Users\User\OneDrive\BACKEND\backend_final\node_modules\express\lib\router\index.js:280:10)[39m
[31m    at C:\Users\User\OneDrive\BACKEND\backend_final\node_modules\body-parser\lib\read.js:137:5[39m
[31m    at AsyncResource.runInAsyncScope (node:async_hooks:203:9)[39m
[31m    at invokeCallback (C:\Users\User\OneDrive\BACKEND\backend_final\node_modules\raw-body\index.js:238:16)[39m
[31m    at done (C:\Users\User\OneDrive\BACKEND\backend_final\node_modules\raw-body\index.js:227:7)[39m
[31m[2024-04-20T05:32:00.315Z] - level: error - ForbiddenError: invalid csrf token[39m
[31m    at csrf (C:\Users\User\OneDrive\BACKEND\backend_final\node_modules\csurf\index.js:112:19)[39m
[31m    at Layer.handle [as handle_request] (C:\Users\User\OneDrive\BACKEND\backend_final\node_modules\express\lib\router\layer.js:95:5)[39m
[31m    at trim_prefix (C:\Users\User\OneDrive\BACKEND\backend_final\node_modules\express\lib\router\index.js:328:13)[39m
[31m    at C:\Users\User\OneDrive\BACKEND\backend_final\node_modules\express\lib\router\index.js:286:9[39m
[31m    at Function.process_params (C:\Users\User\OneDrive\BACKEND\backend_final\node_modules\express\lib\router\index.js:346:12)[39m
[31m    at next (C:\Users\User\OneDrive\BACKEND\backend_final\node_modules\express\lib\router\index.js:280:10)[39m
[31m    at C:\Users\User\OneDrive\BACKEND\backend_final\node_modules\body-parser\lib\read.js:137:5[39m
[31m    at AsyncResource.runInAsyncScope (node:async_hooks:203:9)[39m
[31m    at invokeCallback (C:\Users\User\OneDrive\BACKEND\backend_final\node_modules\raw-body\index.js:238:16)[39m
[31m    at done (C:\Users\User\OneDrive\BACKEND\backend_final\node_modules\raw-body\index.js:227:7)[39m
[31m[2024-04-20T05:42:12.053Z] - level: error - ForbiddenError: invalid csrf token[39m
[31m    at csrf (C:\Users\User\OneDrive\BACKEND\backend_final\node_modules\csurf\index.js:112:19)[39m
[31m    at Layer.handle [as handle_request] (C:\Users\User\OneDrive\BACKEND\backend_final\node_modules\express\lib\router\layer.js:95:5)[39m
[31m    at trim_prefix (C:\Users\User\OneDrive\BACKEND\backend_final\node_modules\express\lib\router\index.js:328:13)[39m
[31m    at C:\Users\User\OneDrive\BACKEND\backend_final\node_modules\express\lib\router\index.js:286:9[39m
[31m    at Function.process_params (C:\Users\User\OneDrive\BACKEND\backend_final\node_modules\express\lib\router\index.js:346:12)[39m
[31m    at next (C:\Users\User\OneDrive\BACKEND\backend_final\node_modules\express\lib\router\index.js:280:10)[39m
[31m    at C:\Users\User\OneDrive\BACKEND\backend_final\node_modules\body-parser\lib\read.js:137:5[39m
[31m    at AsyncResource.runInAsyncScope (node:async_hooks:203:9)[39m
[31m    at invokeCallback (C:\Users\User\OneDrive\BACKEND\backend_final\node_modules\raw-body\index.js:238:16)[39m
[31m    at done (C:\Users\User\OneDrive\BACKEND\backend_final\node_modules\raw-body\index.js:227:7)[39m
[31m[2024-04-20T13:37:27.425Z] - level: error - ForbiddenError: invalid csrf token[39m
[31m    at csrf (C:\Users\User\OneDrive\BACKEND\backend_final\node_modules\csurf\index.js:112:19)[39m
[31m    at Layer.handle [as handle_request] (C:\Users\User\OneDrive\BACKEND\backend_final\node_modules\express\lib\router\layer.js:95:5)[39m
[31m    at trim_prefix (C:\Users\User\OneDrive\BACKEND\backend_final\node_modules\express\lib\router\index.js:328:13)[39m
[31m    at C:\Users\User\OneDrive\BACKEND\backend_final\node_modules\express\lib\router\index.js:286:9[39m
[31m    at Function.process_params (C:\Users\User\OneDrive\BACKEND\backend_final\node_modules\express\lib\router\index.js:346:12)[39m
[31m    at next (C:\Users\User\OneDrive\BACKEND\backend_final\node_modules\express\lib\router\index.js:280:10)[39m
[31m    at C:\Users\User\OneDrive\BACKEND\backend_final\node_modules\body-parser\lib\read.js:137:5[39m
[31m    at AsyncResource.runInAsyncScope (node:async_hooks:203:9)[39m
[31m    at invokeCallback (C:\Users\User\OneDrive\BACKEND\backend_final\node_modules\raw-body\index.js:238:16)[39m
[31m    at done (C:\Users\User\OneDrive\BACKEND\backend_final\node_modules\raw-body\index.js:227:7)[39m
[31m[2024-04-20T13:43:03.559Z] - level: error - ForbiddenError: invalid csrf token[39m
[31m    at csrf (C:\Users\User\OneDrive\BACKEND\backend_final\node_modules\csurf\index.js:112:19)[39m
[31m    at Layer.handle [as handle_request] (C:\Users\User\OneDrive\BACKEND\backend_final\node_modules\express\lib\router\layer.js:95:5)[39m
[31m    at trim_prefix (C:\Users\User\OneDrive\BACKEND\backend_final\node_modules\express\lib\router\index.js:328:13)[39m
[31m    at C:\Users\User\OneDrive\BACKEND\backend_final\node_modules\express\lib\router\index.js:286:9[39m
[31m    at Function.process_params (C:\Users\User\OneDrive\BACKEND\backend_final\node_modules\express\lib\router\index.js:346:12)[39m
[31m    at next (C:\Users\User\OneDrive\BACKEND\backend_final\node_modules\express\lib\router\index.js:280:10)[39m
[31m    at C:\Users\User\OneDrive\BACKEND\backend_final\node_modules\body-parser\lib\read.js:137:5[39m
[31m    at AsyncResource.runInAsyncScope (node:async_hooks:203:9)[39m
[31m    at invokeCallback (C:\Users\User\OneDrive\BACKEND\backend_final\node_modules\raw-body\index.js:238:16)[39m
[31m    at done (C:\Users\User\OneDrive\BACKEND\backend_final\node_modules\raw-body\index.js:227:7)[39m
[31m[2024-04-20T13:50:18.817Z] - level: error - ForbiddenError: invalid csrf token[39m
[31m    at csrf (C:\Users\User\OneDrive\BACKEND\backend_final\node_modules\csurf\index.js:112:19)[39m
[31m    at Layer.handle [as handle_request] (C:\Users\User\OneDrive\BACKEND\backend_final\node_modules\express\lib\router\layer.js:95:5)[39m
[31m    at trim_prefix (C:\Users\User\OneDrive\BACKEND\backend_final\node_modules\express\lib\router\index.js:328:13)[39m
[31m    at C:\Users\User\OneDrive\BACKEND\backend_final\node_modules\express\lib\router\index.js:286:9[39m
[31m    at Function.process_params (C:\Users\User\OneDrive\BACKEND\backend_final\node_modules\express\lib\router\index.js:346:12)[39m
[31m    at next (C:\Users\User\OneDrive\BACKEND\backend_final\node_modules\express\lib\router\index.js:280:10)[39m
[31m    at C:\Users\User\OneDrive\BACKEND\backend_final\node_modules\body-parser\lib\read.js:137:5[39m
[31m    at AsyncResource.runInAsyncScope (node:async_hooks:203:9)[39m
[31m    at invokeCallback (C:\Users\User\OneDrive\BACKEND\backend_final\node_modules\raw-body\index.js:238:16)[39m
[31m    at done (C:\Users\User\OneDrive\BACKEND\backend_final\node_modules\raw-body\index.js:227:7)[39m
[31m[2024-04-20T13:52:35.714Z] - level: error - ForbiddenError: invalid csrf token[39m
[31m    at csrf (C:\Users\User\OneDrive\BACKEND\backend_final\node_modules\csurf\index.js:112:19)[39m
[31m    at Layer.handle [as handle_request] (C:\Users\User\OneDrive\BACKEND\backend_final\node_modules\express\lib\router\layer.js:95:5)[39m
[31m    at trim_prefix (C:\Users\User\OneDrive\BACKEND\backend_final\node_modules\express\lib\router\index.js:328:13)[39m
[31m    at C:\Users\User\OneDrive\BACKEND\backend_final\node_modules\express\lib\router\index.js:286:9[39m
[31m    at Function.process_params (C:\Users\User\OneDrive\BACKEND\backend_final\node_modules\express\lib\router\index.js:346:12)[39m
[31m    at next (C:\Users\User\OneDrive\BACKEND\backend_final\node_modules\express\lib\router\index.js:280:10)[39m
[31m    at C:\Users\User\OneDrive\BACKEND\backend_final\node_modules\body-parser\lib\read.js:137:5[39m
[31m    at AsyncResource.runInAsyncScope (node:async_hooks:203:9)[39m
[31m    at invokeCallback (C:\Users\User\OneDrive\BACKEND\backend_final\node_modules\raw-body\index.js:238:16)[39m
[31m    at done (C:\Users\User\OneDrive\BACKEND\backend_final\node_modules\raw-body\index.js:227:7)[39m
[31m[2024-04-20T14:14:24.104Z] - level: error - TypeError: req.csrfToken is not a function[39m
[31m    at localVariables (file:///C:/Users/User/OneDrive/BACKEND/backend_final/src/middlewares/localVariables.js:5:32)[39m
[31m    at Layer.handle [as handle_request] (C:\Users\User\OneDrive\BACKEND\backend_final\node_modules\express\lib\router\layer.js:95:5)[39m
[31m    at trim_prefix (C:\Users\User\OneDrive\BACKEND\backend_final\node_modules\express\lib\router\index.js:328:13)[39m
[31m    at C:\Users\User\OneDrive\BACKEND\backend_final\node_modules\express\lib\router\index.js:286:9[39m
[31m    at Function.process_params (C:\Users\User\OneDrive\BACKEND\backend_final\node_modules\express\lib\router\index.js:346:12)[39m
[31m    at next (C:\Users\User\OneDrive\BACKEND\backend_final\node_modules\express\lib\router\index.js:280:10)[39m
[31m    at Layer.handle [as handle_request] (C:\Users\User\OneDrive\BACKEND\backend_final\node_modules\express\lib\router\layer.js:91:12)[39m
[31m    at trim_prefix (C:\Users\User\OneDrive\BACKEND\backend_final\node_modules\express\lib\router\index.js:328:13)[39m
[31m    at C:\Users\User\OneDrive\BACKEND\backend_final\node_modules\express\lib\router\index.js:286:9[39m
[31m    at Function.process_params (C:\Users\User\OneDrive\BACKEND\backend_final\node_modules\express\lib\router\index.js:346:12)[39m
[31m[2024-04-20T14:15:24.804Z] - level: error - req.csrfToken is not a function[39m
[31m[2024-04-20T14:21:05.736Z] - level: error - req.csrfToken is not a function[39m
[31m[2024-04-20T17:42:52.753Z] - level: error - Error: Missing helper: "formatPrice"[39m
[31m    at Object.<anonymous> (C:\Users\User\OneDrive\BACKEND\backend_final\node_modules\handlebars\dist\cjs\handlebars\helpers\helper-missing.js:19:13)[39m
[31m    at Object.wrapper (C:\Users\User\OneDrive\BACKEND\backend_final\node_modules\handlebars\dist\cjs\handlebars\internal\wrapHelper.js:15:19)[39m
[31m    at eval (eval at createFunctionContext (C:\Users\User\OneDrive\BACKEND\backend_final\node_modules\handlebars\dist\cjs\handlebars\compiler\javascript-compiler.js:262:23), <anonymous>:17:112)[39m
[31m    at prog (C:\Users\User\OneDrive\BACKEND\backend_final\node_modules\handlebars\dist\cjs\handlebars\runtime.js:268:12)[39m
[31m    at execIteration (C:\Users\User\OneDrive\BACKEND\backend_final\node_modules\handlebars\dist\cjs\handlebars\helpers\each.js:51:19)[39m
[31m    at Object.<anonymous> (C:\Users\User\OneDrive\BACKEND\backend_final\node_modules\handlebars\dist\cjs\handlebars\helpers\each.js:61:13)[39m
[31m    at Object.wrapper (C:\Users\User\OneDrive\BACKEND\backend_final\node_modules\handlebars\dist\cjs\handlebars\internal\wrapHelper.js:15:19)[39m
[31m    at eval (eval at createFunctionContext (C:\Users\User\OneDrive\BACKEND\backend_final\node_modules\handlebars\dist\cjs\handlebars\compiler\javascript-compiler.js:262:23), <anonymous>:11:49)[39m
[31m    at Object.prog [as fn] (C:\Users\User\OneDrive\BACKEND\backend_final\node_modules\handlebars\dist\cjs\handlebars\runtime.js:268:12)[39m
[31m    at Object.<anonymous> (C:\Users\User\OneDrive\BACKEND\backend_final\node_modules\handlebars\dist\cjs\handlebars\helpers\if.js:29:22)[39m
